2024-04-12 14:06:32,904:WARNING:
'cuml' is a soft dependency and not included in the pycaret installation. Please run: `pip install cuml` to install.
2024-04-12 14:06:32,904:WARNING:
'cuml' is a soft dependency and not included in the pycaret installation. Please run: `pip install cuml` to install.
2024-04-12 14:06:32,904:WARNING:
'cuml' is a soft dependency and not included in the pycaret installation. Please run: `pip install cuml` to install.
2024-04-12 14:06:32,904:WARNING:
'cuml' is a soft dependency and not included in the pycaret installation. Please run: `pip install cuml` to install.
2024-04-12 14:06:33,609:WARNING:/home/src/default_repo/sedimark_dqp-dqp_develop/dqp/missing/imputers.py:222: UserWarning: Fancy impute not installed, some methods are unavailable
  warnings.warn("Fancy impute not installed, some methods are unavailable")

2024-04-12 14:06:33,609:WARNING:/home/src/default_repo/sedimark_dqp-dqp_develop/dqp/missing/imputers.py:253: UserWarning: Could not locate autoimpute package, some imputation methods will be unavailable.
  warnings.warn(

2024-04-16 11:56:30,010:WARNING:/usr/local/lib/python3.10/site-packages/wurlitzer.py:211: RuntimeWarning: Failed to set pipe buffer size: [Errno 1] Operation not permitted
  warnings.warn(

2024-04-16 11:56:30,012:WARNING:
'cuml' is a soft dependency and not included in the pycaret installation. Please run: `pip install cuml` to install.
2024-04-16 11:56:30,012:WARNING:
'cuml' is a soft dependency and not included in the pycaret installation. Please run: `pip install cuml` to install.
2024-04-16 11:56:30,012:WARNING:
'cuml' is a soft dependency and not included in the pycaret installation. Please run: `pip install cuml` to install.
2024-04-16 11:56:30,012:WARNING:
'cuml' is a soft dependency and not included in the pycaret installation. Please run: `pip install cuml` to install.
2024-04-16 11:56:31,354:WARNING:/home/src/default_repo/sedimark_dqp-dqp_develop/dqp/missing/imputers.py:222: UserWarning: Fancy impute not installed, some methods are unavailable
  warnings.warn("Fancy impute not installed, some methods are unavailable")

2024-04-16 11:56:31,354:WARNING:/home/src/default_repo/sedimark_dqp-dqp_develop/dqp/missing/imputers.py:253: UserWarning: Could not locate autoimpute package, some imputation methods will be unavailable.
  warnings.warn(

